2024-02-20 19:37:01,886:WARNING:
'cuml' is a soft dependency and not included in the pycaret installation. Please run: `pip install cuml` to install.
2024-02-20 19:37:01,886:WARNING:
'cuml' is a soft dependency and not included in the pycaret installation. Please run: `pip install cuml` to install.
2024-02-20 19:37:01,886:WARNING:
'cuml' is a soft dependency and not included in the pycaret installation. Please run: `pip install cuml` to install.
2024-02-20 19:37:01,886:WARNING:
'cuml' is a soft dependency and not included in the pycaret installation. Please run: `pip install cuml` to install.
2024-02-20 19:37:03,619:INFO:Initializing load_model()
2024-02-20 19:37:03,619:INFO:load_model(model_name=iforest_pipeline, platform=None, authentication=None, verbose=True)
2024-02-20 19:37:23,977:WARNING:
'cuml' is a soft dependency and not included in the pycaret installation. Please run: `pip install cuml` to install.
2024-02-20 19:37:23,978:WARNING:
'cuml' is a soft dependency and not included in the pycaret installation. Please run: `pip install cuml` to install.
2024-02-20 19:37:23,978:WARNING:
'cuml' is a soft dependency and not included in the pycaret installation. Please run: `pip install cuml` to install.
2024-02-20 19:37:23,978:WARNING:
'cuml' is a soft dependency and not included in the pycaret installation. Please run: `pip install cuml` to install.
2024-02-20 19:37:25,690:INFO:Initializing load_model()
2024-02-20 19:37:25,691:INFO:load_model(model_name=iforest_pipeline, platform=None, authentication=None, verbose=True)
2024-02-20 19:37:25,699:WARNING:C:\Users\Troy\anaconda3\envs\mlops\lib\site-packages\sklearn\base.py:288: UserWarning: Trying to unpickle estimator SimpleImputer from version 1.2.2 when using version 1.2.0. This might lead to breaking code or invalid results. Use at your own risk. For more info please refer to:
https://scikit-learn.org/stable/model_persistence.html#security-maintainability-limitations
  warnings.warn(

2024-02-20 19:37:25,703:WARNING:C:\Users\Troy\anaconda3\envs\mlops\lib\site-packages\sklearn\base.py:288: UserWarning: Trying to unpickle estimator StandardScaler from version 1.2.2 when using version 1.2.0. This might lead to breaking code or invalid results. Use at your own risk. For more info please refer to:
https://scikit-learn.org/stable/model_persistence.html#security-maintainability-limitations
  warnings.warn(

2024-02-20 19:37:26,134:WARNING:C:\Users\Troy\anaconda3\envs\mlops\lib\site-packages\sklearn\base.py:288: UserWarning: Trying to unpickle estimator ExtraTreeRegressor from version 1.2.2 when using version 1.2.0. This might lead to breaking code or invalid results. Use at your own risk. For more info please refer to:
https://scikit-learn.org/stable/model_persistence.html#security-maintainability-limitations
  warnings.warn(

2024-02-20 19:37:26,166:WARNING:C:\Users\Troy\anaconda3\envs\mlops\lib\site-packages\sklearn\base.py:288: UserWarning: Trying to unpickle estimator IsolationForest from version 1.2.2 when using version 1.2.0. This might lead to breaking code or invalid results. Use at your own risk. For more info please refer to:
https://scikit-learn.org/stable/model_persistence.html#security-maintainability-limitations
  warnings.warn(

2024-02-20 19:37:26,922:WARNING:C:\Users\Troy\anaconda3\envs\mlops\lib\site-packages\pycaret\internal\pipeline.py:145: UserWarning: Version mismatch:
current: {'deps_info': {'pip': '23.3.2', 'setuptools': '69.0.3', 'pycaret': '3.2.0', 'IPython': '8.19.0', 'ipywidgets': '8.1.1', 'tqdm': '4.66.1', 'numpy': '1.25.2', 'pandas': '1.5.3', 'jinja2': '3.1.2', 'scipy': '1.10.1', 'joblib': '1.3.2', 'sklearn': '1.2.0', 'pyod': '1.1.2', 'imblearn': '0.11.0', 'category_encoders': '2.6.3', 'lightgbm': '4.2.0', 'numba': '0.58.1', 'requests': '2.31.0', 'matplotlib': '3.6.0', 'scikitplot': '0.3.7', 'yellowbrick': '1.5', 'plotly': '5.18.0', 'plotly-resampler': 'Not installed', 'kaleido': '0.2.1', 'schemdraw': '0.15', 'statsmodels': '0.14.1', 'sktime': '0.21.1', 'tbats': '1.1.3', 'pmdarima': '2.0.4', 'psutil': '5.9.7', 'markupsafe': '2.1.3', 'pickle5': 'Not installed', 'cloudpickle': '2.2.1', 'deprecation': '2.1.0', 'xxhash': '3.4.1', 'wurlitzer': 'Not installed'}, 'python': {'version': '3.10.13', 'machine': 'AMD64'}}
pickle: {'deps_info': {'pip': '23.3.2', 'setuptools': '69.0.3', 'pycaret': '3.2.0', 'IPython': '8.19.0', 'ipywidgets': '8.1.1', 'tqdm': '4.66.1', 'numpy': '1.25.2', 'pandas': '1.5.3', 'jinja2': '3.1.2', 'scipy': '1.10.1', 'joblib': '1.3.2', 'sklearn': '1.2.2', 'pyod': '1.1.2', 'imblearn': '0.11.0', 'category_encoders': '2.6.3', 'lightgbm': '4.2.0', 'numba': '0.58.1', 'requests': '2.31.0', 'matplotlib': '3.6.0', 'scikitplot': '0.3.7', 'yellowbrick': '1.5', 'plotly': '5.18.0', 'plotly-resampler': 'Not installed', 'kaleido': '0.2.1', 'schemdraw': '0.15', 'statsmodels': '0.14.1', 'sktime': '0.21.1', 'tbats': '1.1.3', 'pmdarima': '2.0.4', 'psutil': '5.9.7', 'markupsafe': '2.1.3', 'pickle5': 'Not installed', 'cloudpickle': '2.2.1', 'deprecation': '2.1.0', 'xxhash': '3.4.1', 'wurlitzer': 'Not installed'}, 'python': {'version': '3.10.13', 'machine': 'AMD64'}}
  warnings.warn(

2024-02-20 19:37:53,076:WARNING:
'cuml' is a soft dependency and not included in the pycaret installation. Please run: `pip install cuml` to install.
2024-02-20 19:37:53,076:WARNING:
'cuml' is a soft dependency and not included in the pycaret installation. Please run: `pip install cuml` to install.
2024-02-20 19:37:53,077:WARNING:
'cuml' is a soft dependency and not included in the pycaret installation. Please run: `pip install cuml` to install.
2024-02-20 19:37:53,077:WARNING:
'cuml' is a soft dependency and not included in the pycaret installation. Please run: `pip install cuml` to install.
2024-02-20 19:37:54,827:INFO:Initializing load_model()
2024-02-20 19:37:54,827:INFO:load_model(model_name=iforest_pipeline, platform=None, authentication=None, verbose=True)
2024-02-20 19:37:54,829:WARNING:C:\Users\Troy\anaconda3\envs\mlops\lib\site-packages\sklearn\base.py:288: UserWarning: Trying to unpickle estimator SimpleImputer from version 1.2.2 when using version 1.2.0. This might lead to breaking code or invalid results. Use at your own risk. For more info please refer to:
https://scikit-learn.org/stable/model_persistence.html#security-maintainability-limitations
  warnings.warn(

2024-02-20 19:37:54,834:WARNING:C:\Users\Troy\anaconda3\envs\mlops\lib\site-packages\sklearn\base.py:288: UserWarning: Trying to unpickle estimator StandardScaler from version 1.2.2 when using version 1.2.0. This might lead to breaking code or invalid results. Use at your own risk. For more info please refer to:
https://scikit-learn.org/stable/model_persistence.html#security-maintainability-limitations
  warnings.warn(

2024-02-20 19:37:55,081:WARNING:C:\Users\Troy\anaconda3\envs\mlops\lib\site-packages\sklearn\base.py:288: UserWarning: Trying to unpickle estimator ExtraTreeRegressor from version 1.2.2 when using version 1.2.0. This might lead to breaking code or invalid results. Use at your own risk. For more info please refer to:
https://scikit-learn.org/stable/model_persistence.html#security-maintainability-limitations
  warnings.warn(

2024-02-20 19:37:55,114:WARNING:C:\Users\Troy\anaconda3\envs\mlops\lib\site-packages\sklearn\base.py:288: UserWarning: Trying to unpickle estimator IsolationForest from version 1.2.2 when using version 1.2.0. This might lead to breaking code or invalid results. Use at your own risk. For more info please refer to:
https://scikit-learn.org/stable/model_persistence.html#security-maintainability-limitations
  warnings.warn(

2024-02-20 19:37:55,782:WARNING:C:\Users\Troy\anaconda3\envs\mlops\lib\site-packages\pycaret\internal\pipeline.py:145: UserWarning: Version mismatch:
current: {'deps_info': {'pip': '23.3.2', 'setuptools': '69.0.3', 'pycaret': '3.2.0', 'IPython': '8.19.0', 'ipywidgets': '8.1.1', 'tqdm': '4.66.1', 'numpy': '1.25.2', 'pandas': '1.5.3', 'jinja2': '3.1.2', 'scipy': '1.10.1', 'joblib': '1.3.2', 'sklearn': '1.2.0', 'pyod': '1.1.2', 'imblearn': '0.11.0', 'category_encoders': '2.6.3', 'lightgbm': '4.2.0', 'numba': '0.58.1', 'requests': '2.31.0', 'matplotlib': '3.6.0', 'scikitplot': '0.3.7', 'yellowbrick': '1.5', 'plotly': '5.18.0', 'plotly-resampler': 'Not installed', 'kaleido': '0.2.1', 'schemdraw': '0.15', 'statsmodels': '0.14.1', 'sktime': '0.21.1', 'tbats': '1.1.3', 'pmdarima': '2.0.4', 'psutil': '5.9.7', 'markupsafe': '2.1.3', 'pickle5': 'Not installed', 'cloudpickle': '2.2.1', 'deprecation': '2.1.0', 'xxhash': '3.4.1', 'wurlitzer': 'Not installed'}, 'python': {'version': '3.10.13', 'machine': 'AMD64'}}
pickle: {'deps_info': {'pip': '23.3.2', 'setuptools': '69.0.3', 'pycaret': '3.2.0', 'IPython': '8.19.0', 'ipywidgets': '8.1.1', 'tqdm': '4.66.1', 'numpy': '1.25.2', 'pandas': '1.5.3', 'jinja2': '3.1.2', 'scipy': '1.10.1', 'joblib': '1.3.2', 'sklearn': '1.2.2', 'pyod': '1.1.2', 'imblearn': '0.11.0', 'category_encoders': '2.6.3', 'lightgbm': '4.2.0', 'numba': '0.58.1', 'requests': '2.31.0', 'matplotlib': '3.6.0', 'scikitplot': '0.3.7', 'yellowbrick': '1.5', 'plotly': '5.18.0', 'plotly-resampler': 'Not installed', 'kaleido': '0.2.1', 'schemdraw': '0.15', 'statsmodels': '0.14.1', 'sktime': '0.21.1', 'tbats': '1.1.3', 'pmdarima': '2.0.4', 'psutil': '5.9.7', 'markupsafe': '2.1.3', 'pickle5': 'Not installed', 'cloudpickle': '2.2.1', 'deprecation': '2.1.0', 'xxhash': '3.4.1', 'wurlitzer': 'Not installed'}, 'python': {'version': '3.10.13', 'machine': 'AMD64'}}
  warnings.warn(

2024-02-20 19:39:15,621:WARNING:
'cuml' is a soft dependency and not included in the pycaret installation. Please run: `pip install cuml` to install.
2024-02-20 19:39:15,621:WARNING:
'cuml' is a soft dependency and not included in the pycaret installation. Please run: `pip install cuml` to install.
2024-02-20 19:39:15,621:WARNING:
'cuml' is a soft dependency and not included in the pycaret installation. Please run: `pip install cuml` to install.
2024-02-20 19:39:15,621:WARNING:
'cuml' is a soft dependency and not included in the pycaret installation. Please run: `pip install cuml` to install.
2024-02-20 19:39:17,407:INFO:Initializing load_model()
2024-02-20 19:39:17,407:INFO:load_model(model_name=iforest_pipeline, platform=None, authentication=None, verbose=True)
2024-02-20 19:39:17,409:WARNING:C:\Users\Troy\anaconda3\envs\mlops\lib\site-packages\sklearn\base.py:288: UserWarning: Trying to unpickle estimator SimpleImputer from version 1.2.2 when using version 1.2.0. This might lead to breaking code or invalid results. Use at your own risk. For more info please refer to:
https://scikit-learn.org/stable/model_persistence.html#security-maintainability-limitations
  warnings.warn(

2024-02-20 19:39:17,413:WARNING:C:\Users\Troy\anaconda3\envs\mlops\lib\site-packages\sklearn\base.py:288: UserWarning: Trying to unpickle estimator StandardScaler from version 1.2.2 when using version 1.2.0. This might lead to breaking code or invalid results. Use at your own risk. For more info please refer to:
https://scikit-learn.org/stable/model_persistence.html#security-maintainability-limitations
  warnings.warn(

2024-02-20 19:39:17,659:WARNING:C:\Users\Troy\anaconda3\envs\mlops\lib\site-packages\sklearn\base.py:288: UserWarning: Trying to unpickle estimator ExtraTreeRegressor from version 1.2.2 when using version 1.2.0. This might lead to breaking code or invalid results. Use at your own risk. For more info please refer to:
https://scikit-learn.org/stable/model_persistence.html#security-maintainability-limitations
  warnings.warn(

2024-02-20 19:39:17,690:WARNING:C:\Users\Troy\anaconda3\envs\mlops\lib\site-packages\sklearn\base.py:288: UserWarning: Trying to unpickle estimator IsolationForest from version 1.2.2 when using version 1.2.0. This might lead to breaking code or invalid results. Use at your own risk. For more info please refer to:
https://scikit-learn.org/stable/model_persistence.html#security-maintainability-limitations
  warnings.warn(

2024-02-20 19:39:18,342:WARNING:C:\Users\Troy\anaconda3\envs\mlops\lib\site-packages\pycaret\internal\pipeline.py:145: UserWarning: Version mismatch:
current: {'deps_info': {'pip': '23.3.2', 'setuptools': '69.0.3', 'pycaret': '3.2.0', 'IPython': '8.19.0', 'ipywidgets': '8.1.1', 'tqdm': '4.66.1', 'numpy': '1.25.2', 'pandas': '1.5.3', 'jinja2': '3.1.2', 'scipy': '1.10.1', 'joblib': '1.3.2', 'sklearn': '1.2.0', 'pyod': '1.1.2', 'imblearn': '0.11.0', 'category_encoders': '2.6.3', 'lightgbm': '4.2.0', 'numba': '0.58.1', 'requests': '2.31.0', 'matplotlib': '3.6.0', 'scikitplot': '0.3.7', 'yellowbrick': '1.5', 'plotly': '5.18.0', 'plotly-resampler': 'Not installed', 'kaleido': '0.2.1', 'schemdraw': '0.15', 'statsmodels': '0.14.1', 'sktime': '0.21.1', 'tbats': '1.1.3', 'pmdarima': '2.0.4', 'psutil': '5.9.7', 'markupsafe': '2.1.3', 'pickle5': 'Not installed', 'cloudpickle': '2.2.1', 'deprecation': '2.1.0', 'xxhash': '3.4.1', 'wurlitzer': 'Not installed'}, 'python': {'version': '3.10.13', 'machine': 'AMD64'}}
pickle: {'deps_info': {'pip': '23.3.2', 'setuptools': '69.0.3', 'pycaret': '3.2.0', 'IPython': '8.19.0', 'ipywidgets': '8.1.1', 'tqdm': '4.66.1', 'numpy': '1.25.2', 'pandas': '1.5.3', 'jinja2': '3.1.2', 'scipy': '1.10.1', 'joblib': '1.3.2', 'sklearn': '1.2.2', 'pyod': '1.1.2', 'imblearn': '0.11.0', 'category_encoders': '2.6.3', 'lightgbm': '4.2.0', 'numba': '0.58.1', 'requests': '2.31.0', 'matplotlib': '3.6.0', 'scikitplot': '0.3.7', 'yellowbrick': '1.5', 'plotly': '5.18.0', 'plotly-resampler': 'Not installed', 'kaleido': '0.2.1', 'schemdraw': '0.15', 'statsmodels': '0.14.1', 'sktime': '0.21.1', 'tbats': '1.1.3', 'pmdarima': '2.0.4', 'psutil': '5.9.7', 'markupsafe': '2.1.3', 'pickle5': 'Not installed', 'cloudpickle': '2.2.1', 'deprecation': '2.1.0', 'xxhash': '3.4.1', 'wurlitzer': 'Not installed'}, 'python': {'version': '3.10.13', 'machine': 'AMD64'}}
  warnings.warn(

2024-02-20 19:39:20,739:WARNING:
'cuml' is a soft dependency and not included in the pycaret installation. Please run: `pip install cuml` to install.
2024-02-20 19:39:20,740:WARNING:
'cuml' is a soft dependency and not included in the pycaret installation. Please run: `pip install cuml` to install.
2024-02-20 19:39:20,740:WARNING:
'cuml' is a soft dependency and not included in the pycaret installation. Please run: `pip install cuml` to install.
2024-02-20 19:39:20,740:WARNING:
'cuml' is a soft dependency and not included in the pycaret installation. Please run: `pip install cuml` to install.
2024-02-20 19:39:22,649:INFO:Initializing load_model()
2024-02-20 19:39:22,649:INFO:load_model(model_name=iforest_pipeline, platform=None, authentication=None, verbose=True)
2024-02-20 19:39:22,651:WARNING:C:\Users\Troy\anaconda3\envs\mlops\lib\site-packages\sklearn\base.py:288: UserWarning: Trying to unpickle estimator SimpleImputer from version 1.2.2 when using version 1.2.0. This might lead to breaking code or invalid results. Use at your own risk. For more info please refer to:
https://scikit-learn.org/stable/model_persistence.html#security-maintainability-limitations
  warnings.warn(

2024-02-20 19:39:22,655:WARNING:C:\Users\Troy\anaconda3\envs\mlops\lib\site-packages\sklearn\base.py:288: UserWarning: Trying to unpickle estimator StandardScaler from version 1.2.2 when using version 1.2.0. This might lead to breaking code or invalid results. Use at your own risk. For more info please refer to:
https://scikit-learn.org/stable/model_persistence.html#security-maintainability-limitations
  warnings.warn(

2024-02-20 19:39:22,898:WARNING:C:\Users\Troy\anaconda3\envs\mlops\lib\site-packages\sklearn\base.py:288: UserWarning: Trying to unpickle estimator ExtraTreeRegressor from version 1.2.2 when using version 1.2.0. This might lead to breaking code or invalid results. Use at your own risk. For more info please refer to:
https://scikit-learn.org/stable/model_persistence.html#security-maintainability-limitations
  warnings.warn(

2024-02-20 19:39:22,929:WARNING:C:\Users\Troy\anaconda3\envs\mlops\lib\site-packages\sklearn\base.py:288: UserWarning: Trying to unpickle estimator IsolationForest from version 1.2.2 when using version 1.2.0. This might lead to breaking code or invalid results. Use at your own risk. For more info please refer to:
https://scikit-learn.org/stable/model_persistence.html#security-maintainability-limitations
  warnings.warn(

2024-02-20 19:39:23,625:WARNING:C:\Users\Troy\anaconda3\envs\mlops\lib\site-packages\pycaret\internal\pipeline.py:145: UserWarning: Version mismatch:
current: {'deps_info': {'pip': '23.3.2', 'setuptools': '69.0.3', 'pycaret': '3.2.0', 'IPython': '8.19.0', 'ipywidgets': '8.1.1', 'tqdm': '4.66.1', 'numpy': '1.25.2', 'pandas': '1.5.3', 'jinja2': '3.1.2', 'scipy': '1.10.1', 'joblib': '1.3.2', 'sklearn': '1.2.0', 'pyod': '1.1.2', 'imblearn': '0.11.0', 'category_encoders': '2.6.3', 'lightgbm': '4.2.0', 'numba': '0.58.1', 'requests': '2.31.0', 'matplotlib': '3.6.0', 'scikitplot': '0.3.7', 'yellowbrick': '1.5', 'plotly': '5.18.0', 'plotly-resampler': 'Not installed', 'kaleido': '0.2.1', 'schemdraw': '0.15', 'statsmodels': '0.14.1', 'sktime': '0.21.1', 'tbats': '1.1.3', 'pmdarima': '2.0.4', 'psutil': '5.9.7', 'markupsafe': '2.1.3', 'pickle5': 'Not installed', 'cloudpickle': '2.2.1', 'deprecation': '2.1.0', 'xxhash': '3.4.1', 'wurlitzer': 'Not installed'}, 'python': {'version': '3.10.13', 'machine': 'AMD64'}}
pickle: {'deps_info': {'pip': '23.3.2', 'setuptools': '69.0.3', 'pycaret': '3.2.0', 'IPython': '8.19.0', 'ipywidgets': '8.1.1', 'tqdm': '4.66.1', 'numpy': '1.25.2', 'pandas': '1.5.3', 'jinja2': '3.1.2', 'scipy': '1.10.1', 'joblib': '1.3.2', 'sklearn': '1.2.2', 'pyod': '1.1.2', 'imblearn': '0.11.0', 'category_encoders': '2.6.3', 'lightgbm': '4.2.0', 'numba': '0.58.1', 'requests': '2.31.0', 'matplotlib': '3.6.0', 'scikitplot': '0.3.7', 'yellowbrick': '1.5', 'plotly': '5.18.0', 'plotly-resampler': 'Not installed', 'kaleido': '0.2.1', 'schemdraw': '0.15', 'statsmodels': '0.14.1', 'sktime': '0.21.1', 'tbats': '1.1.3', 'pmdarima': '2.0.4', 'psutil': '5.9.7', 'markupsafe': '2.1.3', 'pickle5': 'Not installed', 'cloudpickle': '2.2.1', 'deprecation': '2.1.0', 'xxhash': '3.4.1', 'wurlitzer': 'Not installed'}, 'python': {'version': '3.10.13', 'machine': 'AMD64'}}
  warnings.warn(

2024-02-20 19:39:47,449:INFO:Initializing predict_model()
2024-02-20 19:39:47,449:INFO:predict_model(self=<pycaret.anomaly.oop.AnomalyExperiment object at 0x00000241297AA680>, estimator=Pipeline(memory=Memory(location=None),
         steps=[('numerical_imputer',
                 TransformerWrapper(include=['duration', 'srcbytes', 'dstbytes',
                                             'land', 'wrongfragment', 'urgent',
                                             'hot', 'numfailedlogins',
                                             'loggedin', 'numcompromised',
                                             'rootshell', 'suattempted',
                                             'numroot', 'numfilecreations',
                                             'numshells', 'numaccessfiles',
                                             'numoutboundcmds', 'ishostlogin',
                                             'isguestlogin', 'count',...
                 TransformerWrapper(include=['protocoltype', 'service', 'flag'],
                                    transformer=OneHotEncoder(cols=['protocoltype',
                                                                    'service',
                                                                    'flag'],
                                                              handle_missing='return_nan',
                                                              use_cat_names=True))),
                ('normalize', TransformerWrapper(transformer=StandardScaler())),
                ('trained_model',
                 IForest(behaviour='new', bootstrap=False, contamination=0.05,
    max_features=1.0, max_samples='auto', n_estimators=100, n_jobs=-1,
    random_state=123, verbose=0))]), ml_usecase=None)
2024-02-20 19:39:47,449:INFO:Set up data.
2024-02-20 19:39:47,503:WARNING:C:\Users\Troy\anaconda3\envs\mlops\lib\site-packages\sklearn\base.py:402: UserWarning: X has feature names, but IsolationForest was fitted without feature names
  warnings.warn(

2024-02-20 19:39:47,564:WARNING:C:\Users\Troy\anaconda3\envs\mlops\lib\site-packages\sklearn\base.py:402: UserWarning: X has feature names, but IsolationForest was fitted without feature names
  warnings.warn(

2024-02-20 19:48:27,545:WARNING:
'cuml' is a soft dependency and not included in the pycaret installation. Please run: `pip install cuml` to install.
2024-02-20 19:48:27,545:WARNING:
'cuml' is a soft dependency and not included in the pycaret installation. Please run: `pip install cuml` to install.
2024-02-20 19:48:27,546:WARNING:
'cuml' is a soft dependency and not included in the pycaret installation. Please run: `pip install cuml` to install.
2024-02-20 19:48:27,546:WARNING:
'cuml' is a soft dependency and not included in the pycaret installation. Please run: `pip install cuml` to install.
2024-02-20 19:48:29,760:INFO:Initializing load_model()
2024-02-20 19:48:29,760:INFO:load_model(model_name=iforest_pipeline, platform=None, authentication=None, verbose=True)
2024-02-20 19:48:29,764:WARNING:C:\Users\Troy\anaconda3\envs\mlops\lib\site-packages\sklearn\base.py:288: UserWarning: Trying to unpickle estimator SimpleImputer from version 1.2.2 when using version 1.2.0. This might lead to breaking code or invalid results. Use at your own risk. For more info please refer to:
https://scikit-learn.org/stable/model_persistence.html#security-maintainability-limitations
  warnings.warn(

2024-02-20 19:48:29,772:WARNING:C:\Users\Troy\anaconda3\envs\mlops\lib\site-packages\sklearn\base.py:288: UserWarning: Trying to unpickle estimator StandardScaler from version 1.2.2 when using version 1.2.0. This might lead to breaking code or invalid results. Use at your own risk. For more info please refer to:
https://scikit-learn.org/stable/model_persistence.html#security-maintainability-limitations
  warnings.warn(

2024-02-20 19:48:30,093:WARNING:C:\Users\Troy\anaconda3\envs\mlops\lib\site-packages\sklearn\base.py:288: UserWarning: Trying to unpickle estimator ExtraTreeRegressor from version 1.2.2 when using version 1.2.0. This might lead to breaking code or invalid results. Use at your own risk. For more info please refer to:
https://scikit-learn.org/stable/model_persistence.html#security-maintainability-limitations
  warnings.warn(

2024-02-20 19:48:30,126:WARNING:C:\Users\Troy\anaconda3\envs\mlops\lib\site-packages\sklearn\base.py:288: UserWarning: Trying to unpickle estimator IsolationForest from version 1.2.2 when using version 1.2.0. This might lead to breaking code or invalid results. Use at your own risk. For more info please refer to:
https://scikit-learn.org/stable/model_persistence.html#security-maintainability-limitations
  warnings.warn(

2024-02-20 19:48:30,865:WARNING:C:\Users\Troy\anaconda3\envs\mlops\lib\site-packages\pycaret\internal\pipeline.py:145: UserWarning: Version mismatch:
current: {'deps_info': {'pip': '23.3.2', 'setuptools': '69.0.3', 'pycaret': '3.2.0', 'IPython': '8.19.0', 'ipywidgets': '8.1.1', 'tqdm': '4.66.1', 'numpy': '1.25.2', 'pandas': '1.5.3', 'jinja2': '3.1.2', 'scipy': '1.10.1', 'joblib': '1.3.2', 'sklearn': '1.2.0', 'pyod': '1.1.2', 'imblearn': '0.11.0', 'category_encoders': '2.6.3', 'lightgbm': '4.2.0', 'numba': '0.58.1', 'requests': '2.31.0', 'matplotlib': '3.6.0', 'scikitplot': '0.3.7', 'yellowbrick': '1.5', 'plotly': '5.18.0', 'plotly-resampler': 'Not installed', 'kaleido': '0.2.1', 'schemdraw': '0.15', 'statsmodels': '0.14.1', 'sktime': '0.21.1', 'tbats': '1.1.3', 'pmdarima': '2.0.4', 'psutil': '5.9.7', 'markupsafe': '2.1.3', 'pickle5': 'Not installed', 'cloudpickle': '2.2.1', 'deprecation': '2.1.0', 'xxhash': '3.4.1', 'wurlitzer': 'Not installed'}, 'python': {'version': '3.10.13', 'machine': 'AMD64'}}
pickle: {'deps_info': {'pip': '23.3.2', 'setuptools': '69.0.3', 'pycaret': '3.2.0', 'IPython': '8.19.0', 'ipywidgets': '8.1.1', 'tqdm': '4.66.1', 'numpy': '1.25.2', 'pandas': '1.5.3', 'jinja2': '3.1.2', 'scipy': '1.10.1', 'joblib': '1.3.2', 'sklearn': '1.2.2', 'pyod': '1.1.2', 'imblearn': '0.11.0', 'category_encoders': '2.6.3', 'lightgbm': '4.2.0', 'numba': '0.58.1', 'requests': '2.31.0', 'matplotlib': '3.6.0', 'scikitplot': '0.3.7', 'yellowbrick': '1.5', 'plotly': '5.18.0', 'plotly-resampler': 'Not installed', 'kaleido': '0.2.1', 'schemdraw': '0.15', 'statsmodels': '0.14.1', 'sktime': '0.21.1', 'tbats': '1.1.3', 'pmdarima': '2.0.4', 'psutil': '5.9.7', 'markupsafe': '2.1.3', 'pickle5': 'Not installed', 'cloudpickle': '2.2.1', 'deprecation': '2.1.0', 'xxhash': '3.4.1', 'wurlitzer': 'Not installed'}, 'python': {'version': '3.10.13', 'machine': 'AMD64'}}
  warnings.warn(

2024-02-20 19:48:33,667:WARNING:
'cuml' is a soft dependency and not included in the pycaret installation. Please run: `pip install cuml` to install.
2024-02-20 19:48:33,667:WARNING:
'cuml' is a soft dependency and not included in the pycaret installation. Please run: `pip install cuml` to install.
2024-02-20 19:48:33,667:WARNING:
'cuml' is a soft dependency and not included in the pycaret installation. Please run: `pip install cuml` to install.
2024-02-20 19:48:33,667:WARNING:
'cuml' is a soft dependency and not included in the pycaret installation. Please run: `pip install cuml` to install.
2024-02-20 19:48:35,516:INFO:Initializing load_model()
2024-02-20 19:48:35,516:INFO:load_model(model_name=iforest_pipeline, platform=None, authentication=None, verbose=True)
2024-02-20 19:48:35,518:WARNING:C:\Users\Troy\anaconda3\envs\mlops\lib\site-packages\sklearn\base.py:288: UserWarning: Trying to unpickle estimator SimpleImputer from version 1.2.2 when using version 1.2.0. This might lead to breaking code or invalid results. Use at your own risk. For more info please refer to:
https://scikit-learn.org/stable/model_persistence.html#security-maintainability-limitations
  warnings.warn(

2024-02-20 19:48:35,522:WARNING:C:\Users\Troy\anaconda3\envs\mlops\lib\site-packages\sklearn\base.py:288: UserWarning: Trying to unpickle estimator StandardScaler from version 1.2.2 when using version 1.2.0. This might lead to breaking code or invalid results. Use at your own risk. For more info please refer to:
https://scikit-learn.org/stable/model_persistence.html#security-maintainability-limitations
  warnings.warn(

2024-02-20 19:48:35,775:WARNING:C:\Users\Troy\anaconda3\envs\mlops\lib\site-packages\sklearn\base.py:288: UserWarning: Trying to unpickle estimator ExtraTreeRegressor from version 1.2.2 when using version 1.2.0. This might lead to breaking code or invalid results. Use at your own risk. For more info please refer to:
https://scikit-learn.org/stable/model_persistence.html#security-maintainability-limitations
  warnings.warn(

2024-02-20 19:48:35,809:WARNING:C:\Users\Troy\anaconda3\envs\mlops\lib\site-packages\sklearn\base.py:288: UserWarning: Trying to unpickle estimator IsolationForest from version 1.2.2 when using version 1.2.0. This might lead to breaking code or invalid results. Use at your own risk. For more info please refer to:
https://scikit-learn.org/stable/model_persistence.html#security-maintainability-limitations
  warnings.warn(

2024-02-20 19:48:36,542:WARNING:C:\Users\Troy\anaconda3\envs\mlops\lib\site-packages\pycaret\internal\pipeline.py:145: UserWarning: Version mismatch:
current: {'deps_info': {'pip': '23.3.2', 'setuptools': '69.0.3', 'pycaret': '3.2.0', 'IPython': '8.19.0', 'ipywidgets': '8.1.1', 'tqdm': '4.66.1', 'numpy': '1.25.2', 'pandas': '1.5.3', 'jinja2': '3.1.2', 'scipy': '1.10.1', 'joblib': '1.3.2', 'sklearn': '1.2.0', 'pyod': '1.1.2', 'imblearn': '0.11.0', 'category_encoders': '2.6.3', 'lightgbm': '4.2.0', 'numba': '0.58.1', 'requests': '2.31.0', 'matplotlib': '3.6.0', 'scikitplot': '0.3.7', 'yellowbrick': '1.5', 'plotly': '5.18.0', 'plotly-resampler': 'Not installed', 'kaleido': '0.2.1', 'schemdraw': '0.15', 'statsmodels': '0.14.1', 'sktime': '0.21.1', 'tbats': '1.1.3', 'pmdarima': '2.0.4', 'psutil': '5.9.7', 'markupsafe': '2.1.3', 'pickle5': 'Not installed', 'cloudpickle': '2.2.1', 'deprecation': '2.1.0', 'xxhash': '3.4.1', 'wurlitzer': 'Not installed'}, 'python': {'version': '3.10.13', 'machine': 'AMD64'}}
pickle: {'deps_info': {'pip': '23.3.2', 'setuptools': '69.0.3', 'pycaret': '3.2.0', 'IPython': '8.19.0', 'ipywidgets': '8.1.1', 'tqdm': '4.66.1', 'numpy': '1.25.2', 'pandas': '1.5.3', 'jinja2': '3.1.2', 'scipy': '1.10.1', 'joblib': '1.3.2', 'sklearn': '1.2.2', 'pyod': '1.1.2', 'imblearn': '0.11.0', 'category_encoders': '2.6.3', 'lightgbm': '4.2.0', 'numba': '0.58.1', 'requests': '2.31.0', 'matplotlib': '3.6.0', 'scikitplot': '0.3.7', 'yellowbrick': '1.5', 'plotly': '5.18.0', 'plotly-resampler': 'Not installed', 'kaleido': '0.2.1', 'schemdraw': '0.15', 'statsmodels': '0.14.1', 'sktime': '0.21.1', 'tbats': '1.1.3', 'pmdarima': '2.0.4', 'psutil': '5.9.7', 'markupsafe': '2.1.3', 'pickle5': 'Not installed', 'cloudpickle': '2.2.1', 'deprecation': '2.1.0', 'xxhash': '3.4.1', 'wurlitzer': 'Not installed'}, 'python': {'version': '3.10.13', 'machine': 'AMD64'}}
  warnings.warn(

2024-02-20 19:48:54,801:WARNING:
'cuml' is a soft dependency and not included in the pycaret installation. Please run: `pip install cuml` to install.
2024-02-20 19:48:54,801:WARNING:
'cuml' is a soft dependency and not included in the pycaret installation. Please run: `pip install cuml` to install.
2024-02-20 19:48:54,801:WARNING:
'cuml' is a soft dependency and not included in the pycaret installation. Please run: `pip install cuml` to install.
2024-02-20 19:48:54,801:WARNING:
'cuml' is a soft dependency and not included in the pycaret installation. Please run: `pip install cuml` to install.
2024-02-20 19:48:56,587:INFO:Initializing load_model()
2024-02-20 19:48:56,588:INFO:load_model(model_name=iforest_pipeline, platform=None, authentication=None, verbose=True)
2024-02-20 19:48:56,590:WARNING:C:\Users\Troy\anaconda3\envs\mlops\lib\site-packages\sklearn\base.py:288: UserWarning: Trying to unpickle estimator SimpleImputer from version 1.2.2 when using version 1.2.0. This might lead to breaking code or invalid results. Use at your own risk. For more info please refer to:
https://scikit-learn.org/stable/model_persistence.html#security-maintainability-limitations
  warnings.warn(

2024-02-20 19:48:56,594:WARNING:C:\Users\Troy\anaconda3\envs\mlops\lib\site-packages\sklearn\base.py:288: UserWarning: Trying to unpickle estimator StandardScaler from version 1.2.2 when using version 1.2.0. This might lead to breaking code or invalid results. Use at your own risk. For more info please refer to:
https://scikit-learn.org/stable/model_persistence.html#security-maintainability-limitations
  warnings.warn(

2024-02-20 19:48:56,839:WARNING:C:\Users\Troy\anaconda3\envs\mlops\lib\site-packages\sklearn\base.py:288: UserWarning: Trying to unpickle estimator ExtraTreeRegressor from version 1.2.2 when using version 1.2.0. This might lead to breaking code or invalid results. Use at your own risk. For more info please refer to:
https://scikit-learn.org/stable/model_persistence.html#security-maintainability-limitations
  warnings.warn(

2024-02-20 19:48:56,870:WARNING:C:\Users\Troy\anaconda3\envs\mlops\lib\site-packages\sklearn\base.py:288: UserWarning: Trying to unpickle estimator IsolationForest from version 1.2.2 when using version 1.2.0. This might lead to breaking code or invalid results. Use at your own risk. For more info please refer to:
https://scikit-learn.org/stable/model_persistence.html#security-maintainability-limitations
  warnings.warn(

2024-02-20 19:48:57,520:WARNING:C:\Users\Troy\anaconda3\envs\mlops\lib\site-packages\pycaret\internal\pipeline.py:145: UserWarning: Version mismatch:
current: {'deps_info': {'pip': '23.3.2', 'setuptools': '69.0.3', 'pycaret': '3.2.0', 'IPython': '8.19.0', 'ipywidgets': '8.1.1', 'tqdm': '4.66.1', 'numpy': '1.25.2', 'pandas': '1.5.3', 'jinja2': '3.1.2', 'scipy': '1.10.1', 'joblib': '1.3.2', 'sklearn': '1.2.0', 'pyod': '1.1.2', 'imblearn': '0.11.0', 'category_encoders': '2.6.3', 'lightgbm': '4.2.0', 'numba': '0.58.1', 'requests': '2.31.0', 'matplotlib': '3.6.0', 'scikitplot': '0.3.7', 'yellowbrick': '1.5', 'plotly': '5.18.0', 'plotly-resampler': 'Not installed', 'kaleido': '0.2.1', 'schemdraw': '0.15', 'statsmodels': '0.14.1', 'sktime': '0.21.1', 'tbats': '1.1.3', 'pmdarima': '2.0.4', 'psutil': '5.9.7', 'markupsafe': '2.1.3', 'pickle5': 'Not installed', 'cloudpickle': '2.2.1', 'deprecation': '2.1.0', 'xxhash': '3.4.1', 'wurlitzer': 'Not installed'}, 'python': {'version': '3.10.13', 'machine': 'AMD64'}}
pickle: {'deps_info': {'pip': '23.3.2', 'setuptools': '69.0.3', 'pycaret': '3.2.0', 'IPython': '8.19.0', 'ipywidgets': '8.1.1', 'tqdm': '4.66.1', 'numpy': '1.25.2', 'pandas': '1.5.3', 'jinja2': '3.1.2', 'scipy': '1.10.1', 'joblib': '1.3.2', 'sklearn': '1.2.2', 'pyod': '1.1.2', 'imblearn': '0.11.0', 'category_encoders': '2.6.3', 'lightgbm': '4.2.0', 'numba': '0.58.1', 'requests': '2.31.0', 'matplotlib': '3.6.0', 'scikitplot': '0.3.7', 'yellowbrick': '1.5', 'plotly': '5.18.0', 'plotly-resampler': 'Not installed', 'kaleido': '0.2.1', 'schemdraw': '0.15', 'statsmodels': '0.14.1', 'sktime': '0.21.1', 'tbats': '1.1.3', 'pmdarima': '2.0.4', 'psutil': '5.9.7', 'markupsafe': '2.1.3', 'pickle5': 'Not installed', 'cloudpickle': '2.2.1', 'deprecation': '2.1.0', 'xxhash': '3.4.1', 'wurlitzer': 'Not installed'}, 'python': {'version': '3.10.13', 'machine': 'AMD64'}}
  warnings.warn(

2024-02-20 19:48:59,994:WARNING:
'cuml' is a soft dependency and not included in the pycaret installation. Please run: `pip install cuml` to install.
2024-02-20 19:48:59,994:WARNING:
'cuml' is a soft dependency and not included in the pycaret installation. Please run: `pip install cuml` to install.
2024-02-20 19:48:59,994:WARNING:
'cuml' is a soft dependency and not included in the pycaret installation. Please run: `pip install cuml` to install.
2024-02-20 19:48:59,994:WARNING:
'cuml' is a soft dependency and not included in the pycaret installation. Please run: `pip install cuml` to install.
2024-02-20 19:49:01,820:INFO:Initializing load_model()
2024-02-20 19:49:01,821:INFO:load_model(model_name=iforest_pipeline, platform=None, authentication=None, verbose=True)
2024-02-20 19:49:01,822:WARNING:C:\Users\Troy\anaconda3\envs\mlops\lib\site-packages\sklearn\base.py:288: UserWarning: Trying to unpickle estimator SimpleImputer from version 1.2.2 when using version 1.2.0. This might lead to breaking code or invalid results. Use at your own risk. For more info please refer to:
https://scikit-learn.org/stable/model_persistence.html#security-maintainability-limitations
  warnings.warn(

2024-02-20 19:49:01,826:WARNING:C:\Users\Troy\anaconda3\envs\mlops\lib\site-packages\sklearn\base.py:288: UserWarning: Trying to unpickle estimator StandardScaler from version 1.2.2 when using version 1.2.0. This might lead to breaking code or invalid results. Use at your own risk. For more info please refer to:
https://scikit-learn.org/stable/model_persistence.html#security-maintainability-limitations
  warnings.warn(

2024-02-20 19:49:02,059:WARNING:C:\Users\Troy\anaconda3\envs\mlops\lib\site-packages\sklearn\base.py:288: UserWarning: Trying to unpickle estimator ExtraTreeRegressor from version 1.2.2 when using version 1.2.0. This might lead to breaking code or invalid results. Use at your own risk. For more info please refer to:
https://scikit-learn.org/stable/model_persistence.html#security-maintainability-limitations
  warnings.warn(

2024-02-20 19:49:02,091:WARNING:C:\Users\Troy\anaconda3\envs\mlops\lib\site-packages\sklearn\base.py:288: UserWarning: Trying to unpickle estimator IsolationForest from version 1.2.2 when using version 1.2.0. This might lead to breaking code or invalid results. Use at your own risk. For more info please refer to:
https://scikit-learn.org/stable/model_persistence.html#security-maintainability-limitations
  warnings.warn(

2024-02-20 19:49:02,793:WARNING:C:\Users\Troy\anaconda3\envs\mlops\lib\site-packages\pycaret\internal\pipeline.py:145: UserWarning: Version mismatch:
current: {'deps_info': {'pip': '23.3.2', 'setuptools': '69.0.3', 'pycaret': '3.2.0', 'IPython': '8.19.0', 'ipywidgets': '8.1.1', 'tqdm': '4.66.1', 'numpy': '1.25.2', 'pandas': '1.5.3', 'jinja2': '3.1.2', 'scipy': '1.10.1', 'joblib': '1.3.2', 'sklearn': '1.2.0', 'pyod': '1.1.2', 'imblearn': '0.11.0', 'category_encoders': '2.6.3', 'lightgbm': '4.2.0', 'numba': '0.58.1', 'requests': '2.31.0', 'matplotlib': '3.6.0', 'scikitplot': '0.3.7', 'yellowbrick': '1.5', 'plotly': '5.18.0', 'plotly-resampler': 'Not installed', 'kaleido': '0.2.1', 'schemdraw': '0.15', 'statsmodels': '0.14.1', 'sktime': '0.21.1', 'tbats': '1.1.3', 'pmdarima': '2.0.4', 'psutil': '5.9.7', 'markupsafe': '2.1.3', 'pickle5': 'Not installed', 'cloudpickle': '2.2.1', 'deprecation': '2.1.0', 'xxhash': '3.4.1', 'wurlitzer': 'Not installed'}, 'python': {'version': '3.10.13', 'machine': 'AMD64'}}
pickle: {'deps_info': {'pip': '23.3.2', 'setuptools': '69.0.3', 'pycaret': '3.2.0', 'IPython': '8.19.0', 'ipywidgets': '8.1.1', 'tqdm': '4.66.1', 'numpy': '1.25.2', 'pandas': '1.5.3', 'jinja2': '3.1.2', 'scipy': '1.10.1', 'joblib': '1.3.2', 'sklearn': '1.2.2', 'pyod': '1.1.2', 'imblearn': '0.11.0', 'category_encoders': '2.6.3', 'lightgbm': '4.2.0', 'numba': '0.58.1', 'requests': '2.31.0', 'matplotlib': '3.6.0', 'scikitplot': '0.3.7', 'yellowbrick': '1.5', 'plotly': '5.18.0', 'plotly-resampler': 'Not installed', 'kaleido': '0.2.1', 'schemdraw': '0.15', 'statsmodels': '0.14.1', 'sktime': '0.21.1', 'tbats': '1.1.3', 'pmdarima': '2.0.4', 'psutil': '5.9.7', 'markupsafe': '2.1.3', 'pickle5': 'Not installed', 'cloudpickle': '2.2.1', 'deprecation': '2.1.0', 'xxhash': '3.4.1', 'wurlitzer': 'Not installed'}, 'python': {'version': '3.10.13', 'machine': 'AMD64'}}
  warnings.warn(

2024-02-20 19:49:30,550:WARNING:
'cuml' is a soft dependency and not included in the pycaret installation. Please run: `pip install cuml` to install.
2024-02-20 19:49:30,550:WARNING:
'cuml' is a soft dependency and not included in the pycaret installation. Please run: `pip install cuml` to install.
2024-02-20 19:49:30,550:WARNING:
'cuml' is a soft dependency and not included in the pycaret installation. Please run: `pip install cuml` to install.
2024-02-20 19:49:30,550:WARNING:
'cuml' is a soft dependency and not included in the pycaret installation. Please run: `pip install cuml` to install.
2024-02-20 19:49:32,352:INFO:Initializing load_model()
2024-02-20 19:49:32,353:INFO:load_model(model_name=iforest_pipeline, platform=None, authentication=None, verbose=True)
2024-02-20 19:49:32,354:WARNING:C:\Users\Troy\anaconda3\envs\mlops\lib\site-packages\sklearn\base.py:288: UserWarning: Trying to unpickle estimator SimpleImputer from version 1.2.2 when using version 1.2.0. This might lead to breaking code or invalid results. Use at your own risk. For more info please refer to:
https://scikit-learn.org/stable/model_persistence.html#security-maintainability-limitations
  warnings.warn(

2024-02-20 19:49:32,358:WARNING:C:\Users\Troy\anaconda3\envs\mlops\lib\site-packages\sklearn\base.py:288: UserWarning: Trying to unpickle estimator StandardScaler from version 1.2.2 when using version 1.2.0. This might lead to breaking code or invalid results. Use at your own risk. For more info please refer to:
https://scikit-learn.org/stable/model_persistence.html#security-maintainability-limitations
  warnings.warn(

2024-02-20 19:49:32,590:WARNING:C:\Users\Troy\anaconda3\envs\mlops\lib\site-packages\sklearn\base.py:288: UserWarning: Trying to unpickle estimator ExtraTreeRegressor from version 1.2.2 when using version 1.2.0. This might lead to breaking code or invalid results. Use at your own risk. For more info please refer to:
https://scikit-learn.org/stable/model_persistence.html#security-maintainability-limitations
  warnings.warn(

2024-02-20 19:49:32,620:WARNING:C:\Users\Troy\anaconda3\envs\mlops\lib\site-packages\sklearn\base.py:288: UserWarning: Trying to unpickle estimator IsolationForest from version 1.2.2 when using version 1.2.0. This might lead to breaking code or invalid results. Use at your own risk. For more info please refer to:
https://scikit-learn.org/stable/model_persistence.html#security-maintainability-limitations
  warnings.warn(

2024-02-20 19:49:33,259:WARNING:C:\Users\Troy\anaconda3\envs\mlops\lib\site-packages\pycaret\internal\pipeline.py:145: UserWarning: Version mismatch:
current: {'deps_info': {'pip': '23.3.2', 'setuptools': '69.0.3', 'pycaret': '3.2.0', 'IPython': '8.19.0', 'ipywidgets': '8.1.1', 'tqdm': '4.66.1', 'numpy': '1.25.2', 'pandas': '1.5.3', 'jinja2': '3.1.2', 'scipy': '1.10.1', 'joblib': '1.3.2', 'sklearn': '1.2.0', 'pyod': '1.1.2', 'imblearn': '0.11.0', 'category_encoders': '2.6.3', 'lightgbm': '4.2.0', 'numba': '0.58.1', 'requests': '2.31.0', 'matplotlib': '3.6.0', 'scikitplot': '0.3.7', 'yellowbrick': '1.5', 'plotly': '5.18.0', 'plotly-resampler': 'Not installed', 'kaleido': '0.2.1', 'schemdraw': '0.15', 'statsmodels': '0.14.1', 'sktime': '0.21.1', 'tbats': '1.1.3', 'pmdarima': '2.0.4', 'psutil': '5.9.7', 'markupsafe': '2.1.3', 'pickle5': 'Not installed', 'cloudpickle': '2.2.1', 'deprecation': '2.1.0', 'xxhash': '3.4.1', 'wurlitzer': 'Not installed'}, 'python': {'version': '3.10.13', 'machine': 'AMD64'}}
pickle: {'deps_info': {'pip': '23.3.2', 'setuptools': '69.0.3', 'pycaret': '3.2.0', 'IPython': '8.19.0', 'ipywidgets': '8.1.1', 'tqdm': '4.66.1', 'numpy': '1.25.2', 'pandas': '1.5.3', 'jinja2': '3.1.2', 'scipy': '1.10.1', 'joblib': '1.3.2', 'sklearn': '1.2.2', 'pyod': '1.1.2', 'imblearn': '0.11.0', 'category_encoders': '2.6.3', 'lightgbm': '4.2.0', 'numba': '0.58.1', 'requests': '2.31.0', 'matplotlib': '3.6.0', 'scikitplot': '0.3.7', 'yellowbrick': '1.5', 'plotly': '5.18.0', 'plotly-resampler': 'Not installed', 'kaleido': '0.2.1', 'schemdraw': '0.15', 'statsmodels': '0.14.1', 'sktime': '0.21.1', 'tbats': '1.1.3', 'pmdarima': '2.0.4', 'psutil': '5.9.7', 'markupsafe': '2.1.3', 'pickle5': 'Not installed', 'cloudpickle': '2.2.1', 'deprecation': '2.1.0', 'xxhash': '3.4.1', 'wurlitzer': 'Not installed'}, 'python': {'version': '3.10.13', 'machine': 'AMD64'}}
  warnings.warn(

2024-02-20 19:49:35,725:WARNING:
'cuml' is a soft dependency and not included in the pycaret installation. Please run: `pip install cuml` to install.
2024-02-20 19:49:35,725:WARNING:
'cuml' is a soft dependency and not included in the pycaret installation. Please run: `pip install cuml` to install.
2024-02-20 19:49:35,725:WARNING:
'cuml' is a soft dependency and not included in the pycaret installation. Please run: `pip install cuml` to install.
2024-02-20 19:49:35,726:WARNING:
'cuml' is a soft dependency and not included in the pycaret installation. Please run: `pip install cuml` to install.
2024-02-20 19:49:37,566:INFO:Initializing load_model()
2024-02-20 19:49:37,567:INFO:load_model(model_name=iforest_pipeline, platform=None, authentication=None, verbose=True)
2024-02-20 19:49:37,569:WARNING:C:\Users\Troy\anaconda3\envs\mlops\lib\site-packages\sklearn\base.py:288: UserWarning: Trying to unpickle estimator SimpleImputer from version 1.2.2 when using version 1.2.0. This might lead to breaking code or invalid results. Use at your own risk. For more info please refer to:
https://scikit-learn.org/stable/model_persistence.html#security-maintainability-limitations
  warnings.warn(

2024-02-20 19:49:37,574:WARNING:C:\Users\Troy\anaconda3\envs\mlops\lib\site-packages\sklearn\base.py:288: UserWarning: Trying to unpickle estimator StandardScaler from version 1.2.2 when using version 1.2.0. This might lead to breaking code or invalid results. Use at your own risk. For more info please refer to:
https://scikit-learn.org/stable/model_persistence.html#security-maintainability-limitations
  warnings.warn(

2024-02-20 19:49:37,849:WARNING:C:\Users\Troy\anaconda3\envs\mlops\lib\site-packages\sklearn\base.py:288: UserWarning: Trying to unpickle estimator ExtraTreeRegressor from version 1.2.2 when using version 1.2.0. This might lead to breaking code or invalid results. Use at your own risk. For more info please refer to:
https://scikit-learn.org/stable/model_persistence.html#security-maintainability-limitations
  warnings.warn(

2024-02-20 19:49:37,882:WARNING:C:\Users\Troy\anaconda3\envs\mlops\lib\site-packages\sklearn\base.py:288: UserWarning: Trying to unpickle estimator IsolationForest from version 1.2.2 when using version 1.2.0. This might lead to breaking code or invalid results. Use at your own risk. For more info please refer to:
https://scikit-learn.org/stable/model_persistence.html#security-maintainability-limitations
  warnings.warn(

2024-02-20 19:49:38,599:WARNING:C:\Users\Troy\anaconda3\envs\mlops\lib\site-packages\pycaret\internal\pipeline.py:145: UserWarning: Version mismatch:
current: {'deps_info': {'pip': '23.3.2', 'setuptools': '69.0.3', 'pycaret': '3.2.0', 'IPython': '8.19.0', 'ipywidgets': '8.1.1', 'tqdm': '4.66.1', 'numpy': '1.25.2', 'pandas': '1.5.3', 'jinja2': '3.1.2', 'scipy': '1.10.1', 'joblib': '1.3.2', 'sklearn': '1.2.0', 'pyod': '1.1.2', 'imblearn': '0.11.0', 'category_encoders': '2.6.3', 'lightgbm': '4.2.0', 'numba': '0.58.1', 'requests': '2.31.0', 'matplotlib': '3.6.0', 'scikitplot': '0.3.7', 'yellowbrick': '1.5', 'plotly': '5.18.0', 'plotly-resampler': 'Not installed', 'kaleido': '0.2.1', 'schemdraw': '0.15', 'statsmodels': '0.14.1', 'sktime': '0.21.1', 'tbats': '1.1.3', 'pmdarima': '2.0.4', 'psutil': '5.9.7', 'markupsafe': '2.1.3', 'pickle5': 'Not installed', 'cloudpickle': '2.2.1', 'deprecation': '2.1.0', 'xxhash': '3.4.1', 'wurlitzer': 'Not installed'}, 'python': {'version': '3.10.13', 'machine': 'AMD64'}}
pickle: {'deps_info': {'pip': '23.3.2', 'setuptools': '69.0.3', 'pycaret': '3.2.0', 'IPython': '8.19.0', 'ipywidgets': '8.1.1', 'tqdm': '4.66.1', 'numpy': '1.25.2', 'pandas': '1.5.3', 'jinja2': '3.1.2', 'scipy': '1.10.1', 'joblib': '1.3.2', 'sklearn': '1.2.2', 'pyod': '1.1.2', 'imblearn': '0.11.0', 'category_encoders': '2.6.3', 'lightgbm': '4.2.0', 'numba': '0.58.1', 'requests': '2.31.0', 'matplotlib': '3.6.0', 'scikitplot': '0.3.7', 'yellowbrick': '1.5', 'plotly': '5.18.0', 'plotly-resampler': 'Not installed', 'kaleido': '0.2.1', 'schemdraw': '0.15', 'statsmodels': '0.14.1', 'sktime': '0.21.1', 'tbats': '1.1.3', 'pmdarima': '2.0.4', 'psutil': '5.9.7', 'markupsafe': '2.1.3', 'pickle5': 'Not installed', 'cloudpickle': '2.2.1', 'deprecation': '2.1.0', 'xxhash': '3.4.1', 'wurlitzer': 'Not installed'}, 'python': {'version': '3.10.13', 'machine': 'AMD64'}}
  warnings.warn(

2024-02-24 00:46:39,226:WARNING:
'cuml' is a soft dependency and not included in the pycaret installation. Please run: `pip install cuml` to install.
2024-02-24 00:46:39,227:WARNING:
'cuml' is a soft dependency and not included in the pycaret installation. Please run: `pip install cuml` to install.
2024-02-24 00:46:39,227:WARNING:
'cuml' is a soft dependency and not included in the pycaret installation. Please run: `pip install cuml` to install.
2024-02-24 00:46:39,227:WARNING:
'cuml' is a soft dependency and not included in the pycaret installation. Please run: `pip install cuml` to install.
2024-02-24 00:46:41,067:INFO:Initializing load_model()
2024-02-24 00:46:41,067:INFO:load_model(model_name=iforest_pipeline, platform=None, authentication=None, verbose=True)
2024-02-24 00:46:41,075:WARNING:C:\Users\Troy\anaconda3\envs\mlops\lib\site-packages\sklearn\base.py:288: UserWarning: Trying to unpickle estimator SimpleImputer from version 1.2.2 when using version 1.2.0. This might lead to breaking code or invalid results. Use at your own risk. For more info please refer to:
https://scikit-learn.org/stable/model_persistence.html#security-maintainability-limitations
  warnings.warn(

2024-02-24 00:46:41,079:WARNING:C:\Users\Troy\anaconda3\envs\mlops\lib\site-packages\sklearn\base.py:288: UserWarning: Trying to unpickle estimator StandardScaler from version 1.2.2 when using version 1.2.0. This might lead to breaking code or invalid results. Use at your own risk. For more info please refer to:
https://scikit-learn.org/stable/model_persistence.html#security-maintainability-limitations
  warnings.warn(

2024-02-24 00:46:41,582:WARNING:C:\Users\Troy\anaconda3\envs\mlops\lib\site-packages\sklearn\base.py:288: UserWarning: Trying to unpickle estimator ExtraTreeRegressor from version 1.2.2 when using version 1.2.0. This might lead to breaking code or invalid results. Use at your own risk. For more info please refer to:
https://scikit-learn.org/stable/model_persistence.html#security-maintainability-limitations
  warnings.warn(

2024-02-24 00:46:41,615:WARNING:C:\Users\Troy\anaconda3\envs\mlops\lib\site-packages\sklearn\base.py:288: UserWarning: Trying to unpickle estimator IsolationForest from version 1.2.2 when using version 1.2.0. This might lead to breaking code or invalid results. Use at your own risk. For more info please refer to:
https://scikit-learn.org/stable/model_persistence.html#security-maintainability-limitations
  warnings.warn(

2024-02-24 00:46:42,489:WARNING:C:\Users\Troy\anaconda3\envs\mlops\lib\site-packages\pycaret\internal\pipeline.py:145: UserWarning: Version mismatch:
current: {'deps_info': {'pip': '23.3.2', 'setuptools': '69.0.3', 'pycaret': '3.2.0', 'IPython': '8.19.0', 'ipywidgets': '8.1.1', 'tqdm': '4.66.1', 'numpy': '1.25.2', 'pandas': '1.5.3', 'jinja2': '3.1.3', 'scipy': '1.10.1', 'joblib': '1.3.2', 'sklearn': '1.2.0', 'pyod': '1.1.2', 'imblearn': '0.11.0', 'category_encoders': '2.6.3', 'lightgbm': '4.2.0', 'numba': '0.58.1', 'requests': '2.31.0', 'matplotlib': '3.6.0', 'scikitplot': '0.3.7', 'yellowbrick': '1.5', 'plotly': '5.18.0', 'plotly-resampler': 'Not installed', 'kaleido': '0.2.1', 'schemdraw': '0.15', 'statsmodels': '0.14.1', 'sktime': '0.21.1', 'tbats': '1.1.3', 'pmdarima': '2.0.4', 'psutil': '5.9.7', 'markupsafe': '2.1.5', 'pickle5': 'Not installed', 'cloudpickle': '2.2.1', 'deprecation': '2.1.0', 'xxhash': '3.4.1', 'wurlitzer': 'Not installed'}, 'python': {'version': '3.10.13', 'machine': 'AMD64'}}
pickle: {'deps_info': {'pip': '23.3.2', 'setuptools': '69.0.3', 'pycaret': '3.2.0', 'IPython': '8.19.0', 'ipywidgets': '8.1.1', 'tqdm': '4.66.1', 'numpy': '1.25.2', 'pandas': '1.5.3', 'jinja2': '3.1.2', 'scipy': '1.10.1', 'joblib': '1.3.2', 'sklearn': '1.2.2', 'pyod': '1.1.2', 'imblearn': '0.11.0', 'category_encoders': '2.6.3', 'lightgbm': '4.2.0', 'numba': '0.58.1', 'requests': '2.31.0', 'matplotlib': '3.6.0', 'scikitplot': '0.3.7', 'yellowbrick': '1.5', 'plotly': '5.18.0', 'plotly-resampler': 'Not installed', 'kaleido': '0.2.1', 'schemdraw': '0.15', 'statsmodels': '0.14.1', 'sktime': '0.21.1', 'tbats': '1.1.3', 'pmdarima': '2.0.4', 'psutil': '5.9.7', 'markupsafe': '2.1.3', 'pickle5': 'Not installed', 'cloudpickle': '2.2.1', 'deprecation': '2.1.0', 'xxhash': '3.4.1', 'wurlitzer': 'Not installed'}, 'python': {'version': '3.10.13', 'machine': 'AMD64'}}
  warnings.warn(

2024-02-24 00:47:57,992:INFO:Initializing predict_model()
2024-02-24 00:47:57,992:INFO:predict_model(self=<pycaret.anomaly.oop.AnomalyExperiment object at 0x0000024E1CCE71F0>, estimator=Pipeline(memory=Memory(location=None),
         steps=[('numerical_imputer',
                 TransformerWrapper(include=['duration', 'srcbytes', 'dstbytes',
                                             'land', 'wrongfragment', 'urgent',
                                             'hot', 'numfailedlogins',
                                             'loggedin', 'numcompromised',
                                             'rootshell', 'suattempted',
                                             'numroot', 'numfilecreations',
                                             'numshells', 'numaccessfiles',
                                             'numoutboundcmds', 'ishostlogin',
                                             'isguestlogin', 'count',...
                 TransformerWrapper(include=['protocoltype', 'service', 'flag'],
                                    transformer=OneHotEncoder(cols=['protocoltype',
                                                                    'service',
                                                                    'flag'],
                                                              handle_missing='return_nan',
                                                              use_cat_names=True))),
                ('normalize', TransformerWrapper(transformer=StandardScaler())),
                ('trained_model',
                 IForest(behaviour='new', bootstrap=False, contamination=0.05,
    max_features=1.0, max_samples='auto', n_estimators=100, n_jobs=-1,
    random_state=123, verbose=0))]), ml_usecase=None)
2024-02-24 00:47:57,992:INFO:Set up data.
2024-02-24 00:47:58,049:WARNING:C:\Users\Troy\anaconda3\envs\mlops\lib\site-packages\sklearn\base.py:402: UserWarning: X has feature names, but IsolationForest was fitted without feature names
  warnings.warn(

2024-02-24 00:47:58,180:WARNING:C:\Users\Troy\anaconda3\envs\mlops\lib\site-packages\sklearn\base.py:402: UserWarning: X has feature names, but IsolationForest was fitted without feature names
  warnings.warn(

2024-02-24 01:02:08,559:WARNING:
'cuml' is a soft dependency and not included in the pycaret installation. Please run: `pip install cuml` to install.
2024-02-24 01:02:08,559:WARNING:
'cuml' is a soft dependency and not included in the pycaret installation. Please run: `pip install cuml` to install.
2024-02-24 01:02:08,559:WARNING:
'cuml' is a soft dependency and not included in the pycaret installation. Please run: `pip install cuml` to install.
2024-02-24 01:02:08,559:WARNING:
'cuml' is a soft dependency and not included in the pycaret installation. Please run: `pip install cuml` to install.
2024-02-24 01:02:10,561:INFO:Initializing load_model()
2024-02-24 01:02:10,561:INFO:load_model(model_name=iforest_pipeline, platform=None, authentication=None, verbose=True)
2024-02-24 01:02:10,564:WARNING:C:\Users\Troy\anaconda3\envs\mlops\lib\site-packages\sklearn\base.py:288: UserWarning: Trying to unpickle estimator SimpleImputer from version 1.2.2 when using version 1.2.0. This might lead to breaking code or invalid results. Use at your own risk. For more info please refer to:
https://scikit-learn.org/stable/model_persistence.html#security-maintainability-limitations
  warnings.warn(

2024-02-24 01:02:10,568:WARNING:C:\Users\Troy\anaconda3\envs\mlops\lib\site-packages\sklearn\base.py:288: UserWarning: Trying to unpickle estimator StandardScaler from version 1.2.2 when using version 1.2.0. This might lead to breaking code or invalid results. Use at your own risk. For more info please refer to:
https://scikit-learn.org/stable/model_persistence.html#security-maintainability-limitations
  warnings.warn(

2024-02-24 01:02:10,831:WARNING:C:\Users\Troy\anaconda3\envs\mlops\lib\site-packages\sklearn\base.py:288: UserWarning: Trying to unpickle estimator ExtraTreeRegressor from version 1.2.2 when using version 1.2.0. This might lead to breaking code or invalid results. Use at your own risk. For more info please refer to:
https://scikit-learn.org/stable/model_persistence.html#security-maintainability-limitations
  warnings.warn(

2024-02-24 01:02:10,865:WARNING:C:\Users\Troy\anaconda3\envs\mlops\lib\site-packages\sklearn\base.py:288: UserWarning: Trying to unpickle estimator IsolationForest from version 1.2.2 when using version 1.2.0. This might lead to breaking code or invalid results. Use at your own risk. For more info please refer to:
https://scikit-learn.org/stable/model_persistence.html#security-maintainability-limitations
  warnings.warn(

2024-02-24 01:02:11,666:WARNING:C:\Users\Troy\anaconda3\envs\mlops\lib\site-packages\pycaret\internal\pipeline.py:145: UserWarning: Version mismatch:
current: {'deps_info': {'pip': '23.3.2', 'setuptools': '69.0.3', 'pycaret': '3.2.0', 'IPython': '8.19.0', 'ipywidgets': '8.1.1', 'tqdm': '4.66.1', 'numpy': '1.25.2', 'pandas': '1.5.3', 'jinja2': '3.1.3', 'scipy': '1.10.1', 'joblib': '1.3.2', 'sklearn': '1.2.0', 'pyod': '1.1.2', 'imblearn': '0.11.0', 'category_encoders': '2.6.3', 'lightgbm': '4.2.0', 'numba': '0.58.1', 'requests': '2.31.0', 'matplotlib': '3.6.0', 'scikitplot': '0.3.7', 'yellowbrick': '1.5', 'plotly': '5.18.0', 'plotly-resampler': 'Not installed', 'kaleido': '0.2.1', 'schemdraw': '0.15', 'statsmodels': '0.14.1', 'sktime': '0.21.1', 'tbats': '1.1.3', 'pmdarima': '2.0.4', 'psutil': '5.9.7', 'markupsafe': '2.1.5', 'pickle5': 'Not installed', 'cloudpickle': '2.2.1', 'deprecation': '2.1.0', 'xxhash': '3.4.1', 'wurlitzer': 'Not installed'}, 'python': {'version': '3.10.13', 'machine': 'AMD64'}}
pickle: {'deps_info': {'pip': '23.3.2', 'setuptools': '69.0.3', 'pycaret': '3.2.0', 'IPython': '8.19.0', 'ipywidgets': '8.1.1', 'tqdm': '4.66.1', 'numpy': '1.25.2', 'pandas': '1.5.3', 'jinja2': '3.1.2', 'scipy': '1.10.1', 'joblib': '1.3.2', 'sklearn': '1.2.2', 'pyod': '1.1.2', 'imblearn': '0.11.0', 'category_encoders': '2.6.3', 'lightgbm': '4.2.0', 'numba': '0.58.1', 'requests': '2.31.0', 'matplotlib': '3.6.0', 'scikitplot': '0.3.7', 'yellowbrick': '1.5', 'plotly': '5.18.0', 'plotly-resampler': 'Not installed', 'kaleido': '0.2.1', 'schemdraw': '0.15', 'statsmodels': '0.14.1', 'sktime': '0.21.1', 'tbats': '1.1.3', 'pmdarima': '2.0.4', 'psutil': '5.9.7', 'markupsafe': '2.1.3', 'pickle5': 'Not installed', 'cloudpickle': '2.2.1', 'deprecation': '2.1.0', 'xxhash': '3.4.1', 'wurlitzer': 'Not installed'}, 'python': {'version': '3.10.13', 'machine': 'AMD64'}}
  warnings.warn(

2024-02-24 01:06:34,961:WARNING:
'cuml' is a soft dependency and not included in the pycaret installation. Please run: `pip install cuml` to install.
2024-02-24 01:06:34,961:WARNING:
'cuml' is a soft dependency and not included in the pycaret installation. Please run: `pip install cuml` to install.
2024-02-24 01:06:34,961:WARNING:
'cuml' is a soft dependency and not included in the pycaret installation. Please run: `pip install cuml` to install.
2024-02-24 01:06:34,962:WARNING:
'cuml' is a soft dependency and not included in the pycaret installation. Please run: `pip install cuml` to install.
2024-02-24 01:06:36,819:INFO:Initializing load_model()
2024-02-24 01:06:36,820:INFO:load_model(model_name=iforest_pipeline, platform=None, authentication=None, verbose=True)
2024-02-24 01:06:36,823:WARNING:C:\Users\Troy\anaconda3\envs\mlops\lib\site-packages\sklearn\base.py:288: UserWarning: Trying to unpickle estimator SimpleImputer from version 1.2.2 when using version 1.2.0. This might lead to breaking code or invalid results. Use at your own risk. For more info please refer to:
https://scikit-learn.org/stable/model_persistence.html#security-maintainability-limitations
  warnings.warn(

2024-02-24 01:06:36,828:WARNING:C:\Users\Troy\anaconda3\envs\mlops\lib\site-packages\sklearn\base.py:288: UserWarning: Trying to unpickle estimator StandardScaler from version 1.2.2 when using version 1.2.0. This might lead to breaking code or invalid results. Use at your own risk. For more info please refer to:
https://scikit-learn.org/stable/model_persistence.html#security-maintainability-limitations
  warnings.warn(

2024-02-24 01:06:37,092:WARNING:C:\Users\Troy\anaconda3\envs\mlops\lib\site-packages\sklearn\base.py:288: UserWarning: Trying to unpickle estimator ExtraTreeRegressor from version 1.2.2 when using version 1.2.0. This might lead to breaking code or invalid results. Use at your own risk. For more info please refer to:
https://scikit-learn.org/stable/model_persistence.html#security-maintainability-limitations
  warnings.warn(

2024-02-24 01:06:37,127:WARNING:C:\Users\Troy\anaconda3\envs\mlops\lib\site-packages\sklearn\base.py:288: UserWarning: Trying to unpickle estimator IsolationForest from version 1.2.2 when using version 1.2.0. This might lead to breaking code or invalid results. Use at your own risk. For more info please refer to:
https://scikit-learn.org/stable/model_persistence.html#security-maintainability-limitations
  warnings.warn(

2024-02-24 01:06:38,032:WARNING:C:\Users\Troy\anaconda3\envs\mlops\lib\site-packages\pycaret\internal\pipeline.py:145: UserWarning: Version mismatch:
current: {'deps_info': {'pip': '23.3.2', 'setuptools': '69.0.3', 'pycaret': '3.2.0', 'IPython': '8.19.0', 'ipywidgets': '8.1.1', 'tqdm': '4.66.1', 'numpy': '1.25.2', 'pandas': '1.5.3', 'jinja2': '3.1.3', 'scipy': '1.10.1', 'joblib': '1.3.2', 'sklearn': '1.2.0', 'pyod': '1.1.2', 'imblearn': '0.11.0', 'category_encoders': '2.6.3', 'lightgbm': '4.2.0', 'numba': '0.58.1', 'requests': '2.31.0', 'matplotlib': '3.6.0', 'scikitplot': '0.3.7', 'yellowbrick': '1.5', 'plotly': '5.18.0', 'plotly-resampler': 'Not installed', 'kaleido': '0.2.1', 'schemdraw': '0.15', 'statsmodels': '0.14.1', 'sktime': '0.21.1', 'tbats': '1.1.3', 'pmdarima': '2.0.4', 'psutil': '5.9.7', 'markupsafe': '2.1.5', 'pickle5': 'Not installed', 'cloudpickle': '2.2.1', 'deprecation': '2.1.0', 'xxhash': '3.4.1', 'wurlitzer': 'Not installed'}, 'python': {'version': '3.10.13', 'machine': 'AMD64'}}
pickle: {'deps_info': {'pip': '23.3.2', 'setuptools': '69.0.3', 'pycaret': '3.2.0', 'IPython': '8.19.0', 'ipywidgets': '8.1.1', 'tqdm': '4.66.1', 'numpy': '1.25.2', 'pandas': '1.5.3', 'jinja2': '3.1.2', 'scipy': '1.10.1', 'joblib': '1.3.2', 'sklearn': '1.2.2', 'pyod': '1.1.2', 'imblearn': '0.11.0', 'category_encoders': '2.6.3', 'lightgbm': '4.2.0', 'numba': '0.58.1', 'requests': '2.31.0', 'matplotlib': '3.6.0', 'scikitplot': '0.3.7', 'yellowbrick': '1.5', 'plotly': '5.18.0', 'plotly-resampler': 'Not installed', 'kaleido': '0.2.1', 'schemdraw': '0.15', 'statsmodels': '0.14.1', 'sktime': '0.21.1', 'tbats': '1.1.3', 'pmdarima': '2.0.4', 'psutil': '5.9.7', 'markupsafe': '2.1.3', 'pickle5': 'Not installed', 'cloudpickle': '2.2.1', 'deprecation': '2.1.0', 'xxhash': '3.4.1', 'wurlitzer': 'Not installed'}, 'python': {'version': '3.10.13', 'machine': 'AMD64'}}
  warnings.warn(

2024-02-24 01:07:25,460:WARNING:
'cuml' is a soft dependency and not included in the pycaret installation. Please run: `pip install cuml` to install.
2024-02-24 01:07:25,460:WARNING:
'cuml' is a soft dependency and not included in the pycaret installation. Please run: `pip install cuml` to install.
2024-02-24 01:07:25,460:WARNING:
'cuml' is a soft dependency and not included in the pycaret installation. Please run: `pip install cuml` to install.
2024-02-24 01:07:25,460:WARNING:
'cuml' is a soft dependency and not included in the pycaret installation. Please run: `pip install cuml` to install.
2024-02-24 01:07:27,368:INFO:Initializing load_model()
2024-02-24 01:07:27,369:INFO:load_model(model_name=iforest_pipeline, platform=None, authentication=None, verbose=True)
2024-02-24 01:07:27,372:WARNING:C:\Users\Troy\anaconda3\envs\mlops\lib\site-packages\sklearn\base.py:288: UserWarning: Trying to unpickle estimator SimpleImputer from version 1.2.2 when using version 1.2.0. This might lead to breaking code or invalid results. Use at your own risk. For more info please refer to:
https://scikit-learn.org/stable/model_persistence.html#security-maintainability-limitations
  warnings.warn(

2024-02-24 01:07:27,377:WARNING:C:\Users\Troy\anaconda3\envs\mlops\lib\site-packages\sklearn\base.py:288: UserWarning: Trying to unpickle estimator StandardScaler from version 1.2.2 when using version 1.2.0. This might lead to breaking code or invalid results. Use at your own risk. For more info please refer to:
https://scikit-learn.org/stable/model_persistence.html#security-maintainability-limitations
  warnings.warn(

2024-02-24 01:07:27,631:WARNING:C:\Users\Troy\anaconda3\envs\mlops\lib\site-packages\sklearn\base.py:288: UserWarning: Trying to unpickle estimator ExtraTreeRegressor from version 1.2.2 when using version 1.2.0. This might lead to breaking code or invalid results. Use at your own risk. For more info please refer to:
https://scikit-learn.org/stable/model_persistence.html#security-maintainability-limitations
  warnings.warn(

2024-02-24 01:07:27,664:WARNING:C:\Users\Troy\anaconda3\envs\mlops\lib\site-packages\sklearn\base.py:288: UserWarning: Trying to unpickle estimator IsolationForest from version 1.2.2 when using version 1.2.0. This might lead to breaking code or invalid results. Use at your own risk. For more info please refer to:
https://scikit-learn.org/stable/model_persistence.html#security-maintainability-limitations
  warnings.warn(

2024-02-24 01:07:28,523:WARNING:C:\Users\Troy\anaconda3\envs\mlops\lib\site-packages\pycaret\internal\pipeline.py:145: UserWarning: Version mismatch:
current: {'deps_info': {'pip': '23.3.2', 'setuptools': '69.0.3', 'pycaret': '3.2.0', 'IPython': '8.19.0', 'ipywidgets': '8.1.1', 'tqdm': '4.66.1', 'numpy': '1.25.2', 'pandas': '1.5.3', 'jinja2': '3.1.3', 'scipy': '1.10.1', 'joblib': '1.3.2', 'sklearn': '1.2.0', 'pyod': '1.1.2', 'imblearn': '0.11.0', 'category_encoders': '2.6.3', 'lightgbm': '4.2.0', 'numba': '0.58.1', 'requests': '2.31.0', 'matplotlib': '3.6.0', 'scikitplot': '0.3.7', 'yellowbrick': '1.5', 'plotly': '5.18.0', 'plotly-resampler': 'Not installed', 'kaleido': '0.2.1', 'schemdraw': '0.15', 'statsmodels': '0.14.1', 'sktime': '0.21.1', 'tbats': '1.1.3', 'pmdarima': '2.0.4', 'psutil': '5.9.7', 'markupsafe': '2.1.5', 'pickle5': 'Not installed', 'cloudpickle': '2.2.1', 'deprecation': '2.1.0', 'xxhash': '3.4.1', 'wurlitzer': 'Not installed'}, 'python': {'version': '3.10.13', 'machine': 'AMD64'}}
pickle: {'deps_info': {'pip': '23.3.2', 'setuptools': '69.0.3', 'pycaret': '3.2.0', 'IPython': '8.19.0', 'ipywidgets': '8.1.1', 'tqdm': '4.66.1', 'numpy': '1.25.2', 'pandas': '1.5.3', 'jinja2': '3.1.2', 'scipy': '1.10.1', 'joblib': '1.3.2', 'sklearn': '1.2.2', 'pyod': '1.1.2', 'imblearn': '0.11.0', 'category_encoders': '2.6.3', 'lightgbm': '4.2.0', 'numba': '0.58.1', 'requests': '2.31.0', 'matplotlib': '3.6.0', 'scikitplot': '0.3.7', 'yellowbrick': '1.5', 'plotly': '5.18.0', 'plotly-resampler': 'Not installed', 'kaleido': '0.2.1', 'schemdraw': '0.15', 'statsmodels': '0.14.1', 'sktime': '0.21.1', 'tbats': '1.1.3', 'pmdarima': '2.0.4', 'psutil': '5.9.7', 'markupsafe': '2.1.3', 'pickle5': 'Not installed', 'cloudpickle': '2.2.1', 'deprecation': '2.1.0', 'xxhash': '3.4.1', 'wurlitzer': 'Not installed'}, 'python': {'version': '3.10.13', 'machine': 'AMD64'}}
  warnings.warn(

2024-02-24 01:13:50,114:WARNING:
'cuml' is a soft dependency and not included in the pycaret installation. Please run: `pip install cuml` to install.
2024-02-24 01:13:50,114:WARNING:
'cuml' is a soft dependency and not included in the pycaret installation. Please run: `pip install cuml` to install.
2024-02-24 01:13:50,114:WARNING:
'cuml' is a soft dependency and not included in the pycaret installation. Please run: `pip install cuml` to install.
2024-02-24 01:13:50,114:WARNING:
'cuml' is a soft dependency and not included in the pycaret installation. Please run: `pip install cuml` to install.
2024-02-24 01:13:52,013:INFO:Initializing load_model()
2024-02-24 01:13:52,013:INFO:load_model(model_name=iforest_pipeline, platform=None, authentication=None, verbose=True)
2024-02-24 01:13:52,016:WARNING:C:\Users\Troy\anaconda3\envs\mlops\lib\site-packages\sklearn\base.py:288: UserWarning: Trying to unpickle estimator SimpleImputer from version 1.2.2 when using version 1.2.0. This might lead to breaking code or invalid results. Use at your own risk. For more info please refer to:
https://scikit-learn.org/stable/model_persistence.html#security-maintainability-limitations
  warnings.warn(

2024-02-24 01:13:52,021:WARNING:C:\Users\Troy\anaconda3\envs\mlops\lib\site-packages\sklearn\base.py:288: UserWarning: Trying to unpickle estimator StandardScaler from version 1.2.2 when using version 1.2.0. This might lead to breaking code or invalid results. Use at your own risk. For more info please refer to:
https://scikit-learn.org/stable/model_persistence.html#security-maintainability-limitations
  warnings.warn(

2024-02-24 01:13:52,265:WARNING:C:\Users\Troy\anaconda3\envs\mlops\lib\site-packages\sklearn\base.py:288: UserWarning: Trying to unpickle estimator ExtraTreeRegressor from version 1.2.2 when using version 1.2.0. This might lead to breaking code or invalid results. Use at your own risk. For more info please refer to:
https://scikit-learn.org/stable/model_persistence.html#security-maintainability-limitations
  warnings.warn(

2024-02-24 01:13:52,299:WARNING:C:\Users\Troy\anaconda3\envs\mlops\lib\site-packages\sklearn\base.py:288: UserWarning: Trying to unpickle estimator IsolationForest from version 1.2.2 when using version 1.2.0. This might lead to breaking code or invalid results. Use at your own risk. For more info please refer to:
https://scikit-learn.org/stable/model_persistence.html#security-maintainability-limitations
  warnings.warn(

2024-02-24 01:13:53,054:WARNING:C:\Users\Troy\anaconda3\envs\mlops\lib\site-packages\pycaret\internal\pipeline.py:145: UserWarning: Version mismatch:
current: {'deps_info': {'pip': '23.3.2', 'setuptools': '69.0.3', 'pycaret': '3.2.0', 'IPython': '8.19.0', 'ipywidgets': '8.1.1', 'tqdm': '4.66.1', 'numpy': '1.25.2', 'pandas': '1.5.3', 'jinja2': '3.1.3', 'scipy': '1.10.1', 'joblib': '1.3.2', 'sklearn': '1.2.0', 'pyod': '1.1.2', 'imblearn': '0.11.0', 'category_encoders': '2.6.3', 'lightgbm': '4.2.0', 'numba': '0.58.1', 'requests': '2.31.0', 'matplotlib': '3.6.0', 'scikitplot': '0.3.7', 'yellowbrick': '1.5', 'plotly': '5.18.0', 'plotly-resampler': 'Not installed', 'kaleido': '0.2.1', 'schemdraw': '0.15', 'statsmodels': '0.14.1', 'sktime': '0.21.1', 'tbats': '1.1.3', 'pmdarima': '2.0.4', 'psutil': '5.9.7', 'markupsafe': '2.1.5', 'pickle5': 'Not installed', 'cloudpickle': '2.2.1', 'deprecation': '2.1.0', 'xxhash': '3.4.1', 'wurlitzer': 'Not installed'}, 'python': {'version': '3.10.13', 'machine': 'AMD64'}}
pickle: {'deps_info': {'pip': '23.3.2', 'setuptools': '69.0.3', 'pycaret': '3.2.0', 'IPython': '8.19.0', 'ipywidgets': '8.1.1', 'tqdm': '4.66.1', 'numpy': '1.25.2', 'pandas': '1.5.3', 'jinja2': '3.1.2', 'scipy': '1.10.1', 'joblib': '1.3.2', 'sklearn': '1.2.2', 'pyod': '1.1.2', 'imblearn': '0.11.0', 'category_encoders': '2.6.3', 'lightgbm': '4.2.0', 'numba': '0.58.1', 'requests': '2.31.0', 'matplotlib': '3.6.0', 'scikitplot': '0.3.7', 'yellowbrick': '1.5', 'plotly': '5.18.0', 'plotly-resampler': 'Not installed', 'kaleido': '0.2.1', 'schemdraw': '0.15', 'statsmodels': '0.14.1', 'sktime': '0.21.1', 'tbats': '1.1.3', 'pmdarima': '2.0.4', 'psutil': '5.9.7', 'markupsafe': '2.1.3', 'pickle5': 'Not installed', 'cloudpickle': '2.2.1', 'deprecation': '2.1.0', 'xxhash': '3.4.1', 'wurlitzer': 'Not installed'}, 'python': {'version': '3.10.13', 'machine': 'AMD64'}}
  warnings.warn(

2024-02-24 01:14:06,624:WARNING:
'cuml' is a soft dependency and not included in the pycaret installation. Please run: `pip install cuml` to install.
2024-02-24 01:14:06,624:WARNING:
'cuml' is a soft dependency and not included in the pycaret installation. Please run: `pip install cuml` to install.
2024-02-24 01:14:06,624:WARNING:
'cuml' is a soft dependency and not included in the pycaret installation. Please run: `pip install cuml` to install.
2024-02-24 01:14:06,624:WARNING:
'cuml' is a soft dependency and not included in the pycaret installation. Please run: `pip install cuml` to install.
2024-02-24 01:14:08,463:INFO:Initializing load_model()
2024-02-24 01:14:08,464:INFO:load_model(model_name=iforest_pipeline, platform=None, authentication=None, verbose=True)
2024-02-24 01:14:08,467:WARNING:C:\Users\Troy\anaconda3\envs\mlops\lib\site-packages\sklearn\base.py:288: UserWarning: Trying to unpickle estimator SimpleImputer from version 1.2.2 when using version 1.2.0. This might lead to breaking code or invalid results. Use at your own risk. For more info please refer to:
https://scikit-learn.org/stable/model_persistence.html#security-maintainability-limitations
  warnings.warn(

2024-02-24 01:14:08,470:WARNING:C:\Users\Troy\anaconda3\envs\mlops\lib\site-packages\sklearn\base.py:288: UserWarning: Trying to unpickle estimator StandardScaler from version 1.2.2 when using version 1.2.0. This might lead to breaking code or invalid results. Use at your own risk. For more info please refer to:
https://scikit-learn.org/stable/model_persistence.html#security-maintainability-limitations
  warnings.warn(

2024-02-24 01:14:08,728:WARNING:C:\Users\Troy\anaconda3\envs\mlops\lib\site-packages\sklearn\base.py:288: UserWarning: Trying to unpickle estimator ExtraTreeRegressor from version 1.2.2 when using version 1.2.0. This might lead to breaking code or invalid results. Use at your own risk. For more info please refer to:
https://scikit-learn.org/stable/model_persistence.html#security-maintainability-limitations
  warnings.warn(

2024-02-24 01:14:08,764:WARNING:C:\Users\Troy\anaconda3\envs\mlops\lib\site-packages\sklearn\base.py:288: UserWarning: Trying to unpickle estimator IsolationForest from version 1.2.2 when using version 1.2.0. This might lead to breaking code or invalid results. Use at your own risk. For more info please refer to:
https://scikit-learn.org/stable/model_persistence.html#security-maintainability-limitations
  warnings.warn(

2024-02-24 01:14:09,562:WARNING:C:\Users\Troy\anaconda3\envs\mlops\lib\site-packages\pycaret\internal\pipeline.py:145: UserWarning: Version mismatch:
current: {'deps_info': {'pip': '23.3.2', 'setuptools': '69.0.3', 'pycaret': '3.2.0', 'IPython': '8.19.0', 'ipywidgets': '8.1.1', 'tqdm': '4.66.1', 'numpy': '1.25.2', 'pandas': '1.5.3', 'jinja2': '3.1.3', 'scipy': '1.10.1', 'joblib': '1.3.2', 'sklearn': '1.2.0', 'pyod': '1.1.2', 'imblearn': '0.11.0', 'category_encoders': '2.6.3', 'lightgbm': '4.2.0', 'numba': '0.58.1', 'requests': '2.31.0', 'matplotlib': '3.6.0', 'scikitplot': '0.3.7', 'yellowbrick': '1.5', 'plotly': '5.18.0', 'plotly-resampler': 'Not installed', 'kaleido': '0.2.1', 'schemdraw': '0.15', 'statsmodels': '0.14.1', 'sktime': '0.21.1', 'tbats': '1.1.3', 'pmdarima': '2.0.4', 'psutil': '5.9.7', 'markupsafe': '2.1.5', 'pickle5': 'Not installed', 'cloudpickle': '2.2.1', 'deprecation': '2.1.0', 'xxhash': '3.4.1', 'wurlitzer': 'Not installed'}, 'python': {'version': '3.10.13', 'machine': 'AMD64'}}
pickle: {'deps_info': {'pip': '23.3.2', 'setuptools': '69.0.3', 'pycaret': '3.2.0', 'IPython': '8.19.0', 'ipywidgets': '8.1.1', 'tqdm': '4.66.1', 'numpy': '1.25.2', 'pandas': '1.5.3', 'jinja2': '3.1.2', 'scipy': '1.10.1', 'joblib': '1.3.2', 'sklearn': '1.2.2', 'pyod': '1.1.2', 'imblearn': '0.11.0', 'category_encoders': '2.6.3', 'lightgbm': '4.2.0', 'numba': '0.58.1', 'requests': '2.31.0', 'matplotlib': '3.6.0', 'scikitplot': '0.3.7', 'yellowbrick': '1.5', 'plotly': '5.18.0', 'plotly-resampler': 'Not installed', 'kaleido': '0.2.1', 'schemdraw': '0.15', 'statsmodels': '0.14.1', 'sktime': '0.21.1', 'tbats': '1.1.3', 'pmdarima': '2.0.4', 'psutil': '5.9.7', 'markupsafe': '2.1.3', 'pickle5': 'Not installed', 'cloudpickle': '2.2.1', 'deprecation': '2.1.0', 'xxhash': '3.4.1', 'wurlitzer': 'Not installed'}, 'python': {'version': '3.10.13', 'machine': 'AMD64'}}
  warnings.warn(

2024-02-24 01:15:50,419:INFO:Initializing predict_model()
2024-02-24 01:15:50,419:INFO:predict_model(self=<pycaret.anomaly.oop.AnomalyExperiment object at 0x000001A2627582E0>, estimator=Pipeline(memory=Memory(location=None),
         steps=[('numerical_imputer',
                 TransformerWrapper(include=['duration', 'srcbytes', 'dstbytes',
                                             'land', 'wrongfragment', 'urgent',
                                             'hot', 'numfailedlogins',
                                             'loggedin', 'numcompromised',
                                             'rootshell', 'suattempted',
                                             'numroot', 'numfilecreations',
                                             'numshells', 'numaccessfiles',
                                             'numoutboundcmds', 'ishostlogin',
                                             'isguestlogin', 'count',...
                 TransformerWrapper(include=['protocoltype', 'service', 'flag'],
                                    transformer=OneHotEncoder(cols=['protocoltype',
                                                                    'service',
                                                                    'flag'],
                                                              handle_missing='return_nan',
                                                              use_cat_names=True))),
                ('normalize', TransformerWrapper(transformer=StandardScaler())),
                ('trained_model',
                 IForest(behaviour='new', bootstrap=False, contamination=0.05,
    max_features=1.0, max_samples='auto', n_estimators=100, n_jobs=-1,
    random_state=123, verbose=0))]), ml_usecase=None)
2024-02-24 01:15:50,419:INFO:Set up data.
2024-02-24 01:15:50,475:WARNING:C:\Users\Troy\anaconda3\envs\mlops\lib\site-packages\sklearn\base.py:402: UserWarning: X has feature names, but IsolationForest was fitted without feature names
  warnings.warn(

2024-02-24 01:15:50,538:WARNING:C:\Users\Troy\anaconda3\envs\mlops\lib\site-packages\sklearn\base.py:402: UserWarning: X has feature names, but IsolationForest was fitted without feature names
  warnings.warn(

2024-02-24 03:31:58,734:WARNING:
'cuml' is a soft dependency and not included in the pycaret installation. Please run: `pip install cuml` to install.
2024-02-24 03:31:58,734:WARNING:
'cuml' is a soft dependency and not included in the pycaret installation. Please run: `pip install cuml` to install.
2024-02-24 03:31:58,735:WARNING:
'cuml' is a soft dependency and not included in the pycaret installation. Please run: `pip install cuml` to install.
2024-02-24 03:31:58,735:WARNING:
'cuml' is a soft dependency and not included in the pycaret installation. Please run: `pip install cuml` to install.
2024-02-24 03:32:00,572:INFO:Initializing load_model()
2024-02-24 03:32:00,572:INFO:load_model(model_name=knn_pipeline, platform=None, authentication=None, verbose=True)
2024-02-24 03:32:56,490:INFO:Initializing predict_model()
2024-02-24 03:32:56,490:INFO:predict_model(self=<pycaret.anomaly.oop.AnomalyExperiment object at 0x000001E0CB7D8520>, estimator=Pipeline(memory=Memory(location=None),
         steps=[('numerical_imputer',
                 TransformerWrapper(include=['duration', 'srcbytes', 'dstbytes',
                                             'land', 'wrongfragment', 'urgent',
                                             'hot', 'numfailedlogins',
                                             'loggedin', 'numcompromised',
                                             'rootshell', 'suattempted',
                                             'numroot', 'numfilecreations',
                                             'numshells', 'numaccessfiles',
                                             'numoutboundcmds', 'ishostlogin',
                                             'isguestlogin', 'count',...
                                    transformer=KBinsDiscretizer(encode='ordinal',
                                                                 strategy='kmeans'))),
                ('normalize', TransformerWrapper(transformer=StandardScaler())),
                ('pca', TransformerWrapper(exclude=[], transformer=PCA())),
                ('trained_model',
                 KNN(algorithm='auto', contamination=0.05, leaf_size=30, method='largest',
  metric='minkowski', metric_params=None, n_jobs=-1, n_neighbors=5, p=2,
  radius=1.0))]), ml_usecase=None)
2024-02-24 03:32:56,490:INFO:Set up data.
